[debug] [2024-11-28T13:37:29.250Z] ----------------------------------------------------------------------
[debug] [2024-11-28T13:37:29.254Z] Command:       C:\Program Files\nodejs\node.exe C:\Users\vinot\AppData\Roaming\npm\node_modules\firebase-tools\lib\bin\firebase.js init
[debug] [2024-11-28T13:37:29.256Z] CLI Version:   13.7.3
[debug] [2024-11-28T13:37:29.256Z] Platform:      win32
[debug] [2024-11-28T13:37:29.257Z] Node Version:  v18.16.0
[debug] [2024-11-28T13:37:29.258Z] Time:          Thu Nov 28 2024 19:07:29 GMT+0530 (India Standard Time)
[debug] [2024-11-28T13:37:29.258Z] ----------------------------------------------------------------------
[debug] 
[debug] [2024-11-28T13:37:29.269Z] > command requires scopes: ["email","openid","https://www.googleapis.com/auth/cloudplatformprojects.readonly","https://www.googleapis.com/auth/firebase","https://www.googleapis.com/auth/cloud-platform"]
[debug] [2024-11-28T13:37:29.271Z] > authorizing via signed-in user (vinothraj2526@gmail.com)
[info] 
     ######## #### ########  ######## ########     ###     ######  ########
     ##        ##  ##     ## ##       ##     ##  ##   ##  ##       ##
     ######    ##  ########  ######   ########  #########  ######  ######
     ##        ##  ##    ##  ##       ##     ## ##     ##       ## ##
     ##       #### ##     ## ######## ########  ##     ##  ######  ########

You're about to initialize a Firebase project in this directory:

  C:\x-mart2.0\x-mart2.0\src

Before we get started, keep in mind:

  * You are currently outside your home directory

